WARNING: Ошибка в строке 5: SHIP002, вода, VR50, 350, 100, 30.05.2023, -45000 - Цена должна быть положительной
нояб. 17, 2025 2:02:31 PM VehicleFileHandler readFromFile
WARNING: Ошибка в строке 7: SHIP004, вода, VR50, 350, -100, 30.05.2023, 45000 - Скорость должна быть положительной
нояб. 17, 2025 2:02:31 PM VehicleFileHandler readFromFile
WARNING: Ошибка в строке 8: SHIP005, вода, VR50, -350, 100, 30.05.2023, 45000 - Мощность должна быть положительной
нояб. 17, 2025 2:02:31 PM VehicleFileHandler readFromFile
WARNING: Ошибка в строке 9: вода, VR50, -350, 100, 30.05.2023, 45000 - Неверное количество полей. Ожидается 7x, получено: 6
нояб. 17, 2025 2:04:22 PM VehicleFileHandler readFromFile
WARNING: Ошибка в строке 5: SHIP002, вода, VR50, 350, 100, 30.05.2023, -45000 - Цена должна быть положительной
нояб. 17, 2025 2:04:22 PM VehicleFileHandler readFromFile
WARNING: Ошибка в строке 7: SHIP004, вода, VR50, 350, -100, 30.05.2023, 45000 - Скорость должна быть положительной
нояб. 17, 2025 2:04:22 PM VehicleFileHandler readFromFile
WARNING: Ошибка в строке 8: SHIP005, вода, VR50, -350, 100, 30.05.2023, 45000 - Мощность должна быть положительной
нояб. 17, 2025 2:04:22 PM VehicleFileHandler readFromFile
WARNING: Ошибка в строке 9: вода, VR50, -350, 100, 30.05.2023, 45000 - Неверное количество полей. Ожидается 7x, получено: 6
нояб. 17, 2025 2:05:22 PM VehicleFileHandler readFromFile
WARNING: Ошибка в строке 5: SHIP002, вода, VR50, 350, 100, 30.05.2023, -45000 - Цена должна быть положительной
нояб. 17, 2025 2:05:22 PM VehicleFileHandler readFromFile
WARNING: Ошибка в строке 7: SHIP004, вода, VR50, 350, -100, 30.05.2023, 45000 - Скорость должна быть положительной
нояб. 17, 2025 2:05:22 PM VehicleFileHandler readFromFile
WARNING: Ошибка в строке 8: SHIP005, вода, VR50, -350, 100, 30.05.2023, 45000 - Мощность должна быть положительной
нояб. 17, 2025 2:05:22 PM VehicleFileHandler readFromFile
WARNING: Ошибка в строке 9: вода, VR50, -350, 100, 30.05.2023, 45000 - Неверное количество полей. Ожидается 7x, получено: 6
нояб. 17, 2025 2:18:18 PM VehicleFileHandler readFromFile
WARNING: Ошибка в строке 5: SHIP002, вода, VR50, 350, 100, 30.05.2023, -45000 - Цена должна быть положительной
нояб. 17, 2025 2:18:18 PM VehicleFileHandler readFromFile
WARNING: Ошибка в строке 7: SHIP004, вода, VR50, 350, -100, 30.05.2023, 45000 - Скорость должна быть положительной
нояб. 17, 2025 2:18:18 PM VehicleFileHandler readFromFile
WARNING: Ошибка в строке 8: SHIP005, вода, VR50, -350, 100, 30.05.2023, 45000 - Мощность должна быть положительной
нояб. 17, 2025 2:18:18 PM VehicleFileHandler readFromFile
WARNING: Ошибка в строке 9: вода, VR50, -350, 100, 30.05.2023, 45000 - Неверное количество полей. Ожидается 7x, получено: 6
нояб. 17, 2025 2:21:13 PM VehicleFileHandler readFromFile
WARNING: Ошибка в строке 5: SHIP002, вода, VR50, 350, 100, 30.05.2023, -45000 - Цена должна быть положительной
нояб. 17, 2025 2:21:13 PM VehicleFileHandler readFromFile
WARNING: Ошибка в строке 7: SHIP004, вода, VR50, 350, -100, 30.05.2023, 45000 - Скорость должна быть положительной
нояб. 17, 2025 2:21:13 PM VehicleFileHandler readFromFile
WARNING: Ошибка в строке 8: SHIP005, вода, VR50, -350, 100, 30.05.2023, 45000 - Мощность должна быть положительной
нояб. 17, 2025 2:21:13 PM VehicleFileHandler readFromFile
WARNING: Ошибка в строке 9: вода, VR50, -350, 100, 30.05.2023, 45000 - Неверное количество полей. Ожидается 7x, получено: 6
нояб. 17, 2025 2:38:12 PM VehicleFileHandler readFromFile
WARNING: Ошибка в строке 5: SHIP002, вода, VR50, 350, 100, 30.05.2023, -45000 - Цена должна быть положительной
нояб. 17, 2025 2:38:12 PM VehicleFileHandler readFromFile
WARNING: Ошибка в строке 7: SHIP004, вода, VR50, 350, -100, 30.05.2023, 45000 - Скорость должна быть положительной
нояб. 17, 2025 2:38:12 PM VehicleFileHandler readFromFile
WARNING: Ошибка в строке 8: SHIP005, вода, VR50, -350, 100, 30.05.2023, 45000 - Мощность должна быть положительной
нояб. 17, 2025 2:38:12 PM VehicleFileHandler readFromFile
WARNING: Ошибка в строке 9: вода, VR50, -350, 100, 30.05.2023, 45000 - Неверное количество полей. Ожидается 7x, получено: 6
нояб. 17, 2025 2:39:25 PM VehicleFileHandler readFromFile
WARNING: Ошибка в строке 5: SHIP002, вода, VR50, 350, 100, 30.05.2023, -45000 - Цена должна быть положительной
нояб. 17, 2025 2:39:25 PM VehicleFileHandler readFromFile
WARNING: Ошибка в строке 7: SHIP004, вода, VR50, 350, -100, 30.05.2023, 45000 - Скорость должна быть положительной
нояб. 17, 2025 2:39:25 PM VehicleFileHandler readFromFile
WARNING: Ошибка в строке 8: SHIP005, вода, VR50, -350, 100, 30.05.2023, 45000 - Мощность должна быть положительной
нояб. 17, 2025 2:39:25 PM VehicleFileHandler readFromFile
WARNING: Ошибка в строке 9: вода, VR50, -350, 100, 30.05.2023, 45000 - Неверное количество полей. Ожидается 7x, получено: 6
нояб. 17, 2025 2:48:10 PM VehicleFileHandler readFromFile
WARNING: Ошибка в строке 5: SHIP002, вода, VR50, 350, 100, 30.05.2023, -45000 - Цена должна быть положительной
нояб. 17, 2025 2:48:10 PM VehicleFileHandler readFromFile
WARNING: Ошибка в строке 7: SHIP004, вода, VR50, 350, -100, 30.05.2023, 45000 - Скорость должна быть положительной
нояб. 17, 2025 2:48:10 PM VehicleFileHandler readFromFile
WARNING: Ошибка в строке 8: SHIP005, вода, VR50, -350, 100, 30.05.2023, 45000 - Мощность должна быть положительной
нояб. 17, 2025 2:48:10 PM VehicleFileHandler readFromFile
WARNING: Ошибка в строке 9: вода, VR50, -350, 100, 30.05.2023, 45000 - Неверное количество полей. Ожидается 7x, получено: 6
нояб. 17, 2025 2:49:43 PM VehicleFileHandler readFromFile
WARNING: Ошибка в строке 5: SHIP002, вода, VR50, 350, 100, 30.05.2023, -45000 - Цена должна быть положительной
нояб. 17, 2025 2:49:43 PM VehicleFileHandler readFromFile
WARNING: Ошибка в строке 7: SHIP004, вода, VR50, 350, -100, 30.05.2023, 45000 - Скорость должна быть положительной
нояб. 17, 2025 2:49:43 PM VehicleFileHandler readFromFile
WARNING: Ошибка в строке 8: SHIP005, вода, VR50, -350, 100, 30.05.2023, 45000 - Мощность должна быть положительной
нояб. 17, 2025 2:49:43 PM VehicleFileHandler readFromFile
WARNING: Ошибка в строке 9: вода, VR50, -350, 100, 30.05.2023, 45000 - Неверное количество полей. Ожидается 7x, получено: 6
нояб. 17, 2025 2:56:31 PM VehicleFileHandler readFromFile
WARNING: Ошибка в строке 5: SHIP002, вода, VR50, 350, 100, 30.05.2023, -45000 - Цена должна быть положительной
нояб. 17, 2025 2:56:31 PM VehicleFileHandler readFromFile
WARNING: Ошибка в строке 7: SHIP004, вода, VR50, 350, -100, 30.05.2023, 45000 - Скорость должна быть положительной
нояб. 17, 2025 2:56:31 PM VehicleFileHandler readFromFile
WARNING: Ошибка в строке 8: SHIP005, вода, VR50, -350, 100, 30.05.2023, 45000 - Мощность должна быть положительной
нояб. 17, 2025 2:56:31 PM VehicleFileHandler readFromFile
WARNING: Ошибка в строке 9: вода, VR50, -350, 100, 30.05.2023, 45000 - Неверное количество полей. Ожидается 7x, получено: 6
нояб. 17, 2025 2:58:11 PM VehicleFileHandler readFromFile
WARNING: Ошибка в строке 5: SHIP002, вода, VR50, 350, 100, 30.05.2023, -45000 - Цена должна быть положительной
нояб. 17, 2025 2:58:11 PM VehicleFileHandler readFromFile
WARNING: Ошибка в строке 7: SHIP004, вода, VR50, 350, -100, 30.05.2023, 45000 - Скорость должна быть положительной
нояб. 17, 2025 2:58:11 PM VehicleFileHandler readFromFile
WARNING: Ошибка в строке 8: SHIP005, вода, VR50, -350, 100, 30.05.2023, 45000 - Мощность должна быть положительной
нояб. 17, 2025 2:58:11 PM VehicleFileHandler readFromFile
WARNING: Ошибка в строке 9: вода, VR50, -350, 100, 30.05.2023, 45000 - Неверное количество полей. Ожидается 7x, получено: 6
нояб. 17, 2025 2:58:44 PM VehicleFileHandler readFromFile
WARNING: Ошибка в строке 5: SHIP002, вода, VR50, 350, 100, 30.05.2023, -45000 - Цена должна быть положительной
нояб. 17, 2025 2:58:44 PM VehicleFileHandler readFromFile
WARNING: Ошибка в строке 7: SHIP004, вода, VR50, 350, -100, 30.05.2023, 45000 - Скорость должна быть положительной
нояб. 17, 2025 2:58:44 PM VehicleFileHandler readFromFile
WARNING: Ошибка в строке 8: SHIP005, вода, VR50, -350, 100, 30.05.2023, 45000 - Мощность должна быть положительной
нояб. 17, 2025 2:58:44 PM VehicleFileHandler readFromFile
WARNING: Ошибка в строке 9: вода, VR50, -350, 100, 30.05.2023, 45000 - Неверное количество полей. Ожидается 7x, получено: 6
нояб. 17, 2025 2:59:09 PM VehicleFileHandler readFromFile
WARNING: Ошибка в строке 5: SHIP002, вода, VR50, 350, 100, 30.05.2023, -45000 - Цена должна быть положительной
нояб. 17, 2025 2:59:09 PM VehicleFileHandler readFromFile
WARNING: Ошибка в строке 7: SHIP004, вода, VR50, 350, -100, 30.05.2023, 45000 - Скорость должна быть положительной
нояб. 17, 2025 2:59:09 PM VehicleFileHandler readFromFile
WARNING: Ошибка в строке 8: SHIP005, вода, VR50, -350, 100, 30.05.2023, 45000 - Мощность должна быть положительной
нояб. 17, 2025 2:59:09 PM VehicleFileHandler readFromFile
WARNING: Ошибка в строке 9: вода, VR50, -350, 100, 30.05.2023, 45000 - Неверное количество полей. Ожидается 7x, получено: 6
нояб. 17, 2025 3:08:01 PM VehicleFileHandler readFromFile
WARNING: Ошибка в строке 5: SHIP002, вода, VR50, 350, 100, 30.05.2023, -45000 - Цена должна быть положительной
нояб. 17, 2025 3:08:01 PM VehicleFileHandler readFromFile
WARNING: Ошибка в строке 7: SHIP004, вода, VR50, 350, -100, 30.05.2023, 45000 - Скорость должна быть положительной
нояб. 17, 2025 3:08:01 PM VehicleFileHandler readFromFile
WARNING: Ошибка в строке 8: SHIP005, вода, VR50, -350, 100, 30.05.2023, 45000 - Мощность должна быть положительной
нояб. 17, 2025 3:08:01 PM VehicleFileHandler readFromFile
WARNING: Ошибка в строке 9: вода, VR50, -350, 100, 30.05.2023, 45000 - Неверное количество полей. Ожидается 7x, получено: 6
нояб. 17, 2025 3:10:04 PM VehicleFileHandler readFromFile
WARNING: Ошибка в строке 5: SHIP002, вода, VR50, 350, 100, 30.05.2023, -45000 - Цена должна быть положительной
нояб. 17, 2025 3:10:04 PM VehicleFileHandler readFromFile
WARNING: Ошибка в строке 7: SHIP004, вода, VR50, 350, -100, 30.05.2023, 45000 - Скорость должна быть положительной
нояб. 17, 2025 3:10:04 PM VehicleFileHandler readFromFile
WARNING: Ошибка в строке 8: SHIP005, вода, VR50, -350, 100, 30.05.2023, 45000 - Мощность должна быть положительной
нояб. 17, 2025 3:10:04 PM VehicleFileHandler readFromFile
WARNING: Ошибка в строке 9: вода, VR50, -350, 100, 30.05.2023, 45000 - Неверное количество полей. Ожидается 7x, получено: 6
нояб. 17, 2025 3:18:38 PM VehicleFileHandler readFromFile
WARNING: Ошибка в строке 5: SHIP002, вода, VR50, 350, 100, 30.05.2023, -45000 - Цена должна быть положительной
нояб. 17, 2025 3:18:38 PM VehicleFileHandler readFromFile
WARNING: Ошибка в строке 7: SHIP004, вода, VR50, 350, -100, 30.05.2023, 45000 - Скорость должна быть положительной
нояб. 17, 2025 3:18:38 PM VehicleFileHandler readFromFile
WARNING: Ошибка в строке 8: SHIP005, вода, VR50, -350, 100, 30.05.2023, 45000 - Мощность должна быть положительной
нояб. 17, 2025 3:18:38 PM VehicleFileHandler readFromFile
WARNING: Ошибка в строке 9: вода, VR50, -350, 100, 30.05.2023, 45000 - Неверное количество полей. Ожидается 7x, получено: 6
нояб. 17, 2025 3:19:14 PM VehicleFileHandler readFromFile
WARNING: Ошибка в строке 5: SHIP002, вода, VR50, 350, 100, 30.05.2023, -45000 - Цена должна быть положительной
нояб. 17, 2025 3:19:14 PM VehicleFileHandler readFromFile
WARNING: Ошибка в строке 7: SHIP004, вода, VR50, 350, -100, 30.05.2023, 45000 - Скорость должна быть положительной
нояб. 17, 2025 3:19:14 PM VehicleFileHandler readFromFile
WARNING: Ошибка в строке 8: SHIP005, вода, VR50, -350, 100, 30.05.2023, 45000 - Мощность должна быть положительной
нояб. 17, 2025 3:19:14 PM VehicleFileHandler readFromFile
WARNING: Ошибка в строке 9: вода, VR50, -350, 100, 30.05.2023, 45000 - Неверное количество полей. Ожидается 7x, получено: 6
нояб. 17, 2025 3:19:59 PM VehicleFileHandler readFromFile
WARNING: Ошибка в строке 5: SHIP002, вода, VR50, 350, 100, 30.05.2023, -45000 - Цена должна быть положительной
нояб. 17, 2025 3:19:59 PM VehicleFileHandler readFromFile
WARNING: Ошибка в строке 7: SHIP004, вода, VR50, 350, -100, 30.05.2023, 45000 - Скорость должна быть положительной
нояб. 17, 2025 3:19:59 PM VehicleFileHandler readFromFile
WARNING: Ошибка в строке 8: SHIP005, вода, VR50, -350, 100, 30.05.2023, 45000 - Мощность должна быть положительной
нояб. 17, 2025 3:19:59 PM VehicleFileHandler readFromFile
WARNING: Ошибка в строке 9: вода, VR50, -350, 100, 30.05.2023, 45000 - Неверное количество полей. Ожидается 7x, получено: 6
нояб. 17, 2025 3:21:38 PM VehicleFileHandler readFromFile
WARNING: Ошибка в строке 5: SHIP002, вода, VR50, 350, 100, 30.05.2023, -45000 - Цена должна быть положительной
нояб. 17, 2025 3:21:38 PM VehicleFileHandler readFromFile
WARNING: Ошибка в строке 7: SHIP004, вода, VR50, 350, -100, 30.05.2023, 45000 - Скорость должна быть положительной
нояб. 17, 2025 3:21:38 PM VehicleFileHandler readFromFile
WARNING: Ошибка в строке 8: SHIP005, вода, VR50, -350, 100, 30.05.2023, 45000 - Мощность должна быть положительной
нояб. 17, 2025 3:21:38 PM VehicleFileHandler readFromFile
WARNING: Ошибка в строке 9: вода, VR50, -350, 100, 30.05.2023, 45000 - Неверное количество полей. Ожидается 7x, получено: 6
нояб. 17, 2025 3:23:44 PM VehicleFileHandler readFromFile
WARNING: Ошибка в строке 5: SHIP002, вода, VR50, 350, 100, 30.05.2023, -45000 - Цена должна быть положительной
нояб. 17, 2025 3:23:44 PM VehicleFileHandler readFromFile
WARNING: Ошибка в строке 7: SHIP004, вода, VR50, 350, -100, 30.05.2023, 45000 - Скорость должна быть положительной
нояб. 17, 2025 3:23:44 PM VehicleFileHandler readFromFile
WARNING: Ошибка в строке 8: SHIP005, вода, VR50, -350, 100, 30.05.2023, 45000 - Мощность должна быть положительной
нояб. 17, 2025 3:23:44 PM VehicleFileHandler readFromFile
WARNING: Ошибка в строке 9: вода, VR50, -350, 100, 30.05.2023, 45000 - Неверное количество полей. Ожидается 7x, получено: 6
нояб. 17, 2025 3:26:06 PM VehicleFileHandler readFromFile
WARNING: Ошибка в строке 5: SHIP002, вода, VR50, 350, 100, 30.05.2023, -45000 - Цена должна быть положительной
нояб. 17, 2025 3:26:06 PM VehicleFileHandler readFromFile
WARNING: Ошибка в строке 7: SHIP004, вода, VR50, 350, -100, 30.05.2023, 45000 - Скорость должна быть положительной
нояб. 17, 2025 3:26:06 PM VehicleFileHandler readFromFile
WARNING: Ошибка в строке 8: SHIP005, вода, VR50, -350, 100, 30.05.2023, 45000 - Мощность должна быть положительной
нояб. 17, 2025 3:26:06 PM VehicleFileHandler readFromFile
WARNING: Ошибка в строке 9: вода, VR50, -350, 100, 30.05.2023, 45000 - Неверное количество полей. Ожидается 7x, получено: 6
нояб. 17, 2025 3:26:51 PM VehicleFileHandler readFromFile
WARNING: Ошибка в строке 5: SHIP002, вода, VR50, 350, 100, 30.05.2023, -45000 - Цена должна быть положительной
нояб. 17, 2025 3:26:51 PM VehicleFileHandler readFromFile
WARNING: Ошибка в строке 7: SHIP004, вода, VR50, 350, -100, 30.05.2023, 45000 - Скорость должна быть положительной
нояб. 17, 2025 3:26:51 PM VehicleFileHandler readFromFile
WARNING: Ошибка в строке 8: SHIP005, вода, VR50, -350, 100, 30.05.2023, 45000 - Мощность должна быть положительной
нояб. 17, 2025 3:26:51 PM VehicleFileHandler readFromFile
WARNING: Ошибка в строке 9: вода, VR50, -350, 100, 30.05.2023, 45000 - Неверное количество полей. Ожидается 7x, получено: 6
нояб. 17, 2025 3:27:49 PM VehicleFileHandler readFromFile
WARNING: Ошибка в строке 5: SHIP002, вода, VR50, 350, 100, 30.05.2023, -45000 - Цена должна быть положительной
нояб. 17, 2025 3:27:49 PM VehicleFileHandler readFromFile
WARNING: Ошибка в строке 7: SHIP004, вода, VR50, 350, -100, 30.05.2023, 45000 - Скорость должна быть положительной
нояб. 17, 2025 3:27:49 PM VehicleFileHandler readFromFile
WARNING: Ошибка в строке 8: SHIP005, вода, VR50, -350, 100, 30.05.2023, 45000 - Мощность должна быть положительной
нояб. 17, 2025 3:27:49 PM VehicleFileHandler readFromFile
WARNING: Ошибка в строке 9: вода, VR50, -350, 100, 30.05.2023, 45000 - Неверное количество полей. Ожидается 7x, получено: 6
нояб. 17, 2025 3:28:08 PM VehicleFileHandler readFromFile
WARNING: Ошибка в строке 5: SHIP002, вода, VR50, 350, 100, 30.05.2023, -45000 - Цена должна быть положительной
нояб. 17, 2025 3:28:08 PM VehicleFileHandler readFromFile
WARNING: Ошибка в строке 7: SHIP004, вода, VR50, 350, -100, 30.05.2023, 45000 - Скорость должна быть положительной
нояб. 17, 2025 3:28:08 PM VehicleFileHandler readFromFile
WARNING: Ошибка в строке 8: SHIP005, вода, VR50, -350, 100, 30.05.2023, 45000 - Мощность должна быть положительной
нояб. 17, 2025 3:28:08 PM VehicleFileHandler readFromFile
WARNING: Ошибка в строке 9: вода, VR50, -350, 100, 30.05.2023, 45000 - Неверное количество полей. Ожидается 7x, получено: 6
дек. 01, 2025 12:02:22 PM VehicleFileHandler readFromFile
WARNING: Ошибка в строке 5: SHIP002, вода, VR50, 350, 100, 30.05.2023, -45000 - Цена должна быть положительной
дек. 01, 2025 12:02:22 PM VehicleFileHandler readFromFile
WARNING: Ошибка в строке 7: SHIP004, вода, VR50, 350, -100, 30.05.2023, 45000 - Скорость должна быть положительной
дек. 01, 2025 12:02:22 PM VehicleFileHandler readFromFile
WARNING: Ошибка в строке 8: SHIP005, вода, VR50, -350, 100, 30.05.2023, 45000 - Мощность должна быть положительной
дек. 01, 2025 12:02:22 PM VehicleFileHandler readFromFile
WARNING: Ошибка в строке 9: вода, VR50, -350, 100, 30.05.2023, 45000 - Неверное количество полей. Ожидается 7x, получено: 6
дек. 01, 2025 12:02:42 PM VehicleFileHandler readFromFile
WARNING: Ошибка в строке 5: SHIP002, вода, VR50, 350, 100, 30.05.2023, -45000 - Цена должна быть положительной
дек. 01, 2025 12:02:42 PM VehicleFileHandler readFromFile
WARNING: Ошибка в строке 7: SHIP004, вода, VR50, 350, -100, 30.05.2023, 45000 - Скорость должна быть положительной
дек. 01, 2025 12:02:42 PM VehicleFileHandler readFromFile
WARNING: Ошибка в строке 8: SHIP005, вода, VR50, -350, 100, 30.05.2023, 45000 - Мощность должна быть положительной
дек. 01, 2025 12:02:42 PM VehicleFileHandler readFromFile
WARNING: Ошибка в строке 9: вода, VR50, -350, 100, 30.05.2023, 45000 - Неверное количество полей. Ожидается 7x, получено: 6
дек. 01, 2025 1:02:24 PM VehicleFileHandler readFromFile
WARNING: Ошибка в строке 5: SHIP002, вода, VR50, 350, 100, 30.05.2023, -45000 - Цена должна быть положительной
дек. 01, 2025 1:02:24 PM VehicleFileHandler readFromFile
WARNING: Ошибка в строке 7: SHIP004, вода, VR50, 350, -100, 30.05.2023, 45000 - Скорость должна быть положительной
дек. 01, 2025 1:02:24 PM VehicleFileHandler readFromFile
WARNING: Ошибка в строке 8: SHIP005, вода, VR50, -350, 100, 30.05.2023, 45000 - Мощность должна быть положительной
дек. 01, 2025 1:02:24 PM VehicleFileHandler readFromFile
WARNING: Ошибка в строке 9: вода, VR50, -350, 100, 30.05.2023, 45000 - Неверное количество полей. Ожидается 7x, получено: 6
дек. 01, 2025 1:41:22 PM VehicleFileHandler readFromFile
WARNING: Ошибка в строке 5: SHIP002, вода, VR50, 350, 100, 30.05.2023, -45000 - Цена должна быть положительной
дек. 01, 2025 1:41:22 PM VehicleFileHandler readFromFile
WARNING: Ошибка в строке 7: SHIP004, вода, VR50, 350, -100, 30.05.2023, 45000 - Скорость должна быть положительной
дек. 01, 2025 1:41:22 PM VehicleFileHandler readFromFile
WARNING: Ошибка в строке 8: SHIP005, вода, VR50, -350, 100, 30.05.2023, 45000 - Мощность должна быть положительной
дек. 01, 2025 1:41:22 PM VehicleFileHandler readFromFile
WARNING: Ошибка в строке 9: вода, VR50, -350, 100, 30.05.2023, 45000 - Неверное количество полей. Ожидается 7x, получено: 6
дек. 01, 2025 2:39:27 PM VehicleFileHandler readFromFile
WARNING: Ошибка в строке 5: SHIP002, вода, VR50, 350, 100, 30.05.2023, -45000 - Цена должна быть положительной
дек. 01, 2025 2:39:27 PM VehicleFileHandler readFromFile
WARNING: Ошибка в строке 7: SHIP004, вода, VR50, 350, -100, 30.05.2023, 45000 - Скорость должна быть положительной
дек. 01, 2025 2:39:27 PM VehicleFileHandler readFromFile
WARNING: Ошибка в строке 8: SHIP005, вода, VR50, -350, 100, 30.05.2023, 45000 - Мощность должна быть положительной
дек. 01, 2025 2:39:27 PM VehicleFileHandler readFromFile
WARNING: Ошибка в строке 9: вода, VR50, -350, 100, 30.05.2023, 45000 - Неверное количество полей. Ожидается 7x, получено: 6
дек. 01, 2025 2:55:13 PM VehicleFileHandler readFromFile
WARNING: Ошибка в строке 5: SHIP002, вода, VR50, 350, 100, 30.05.2023, -45000 - Цена должна быть положительной
дек. 01, 2025 2:55:13 PM VehicleFileHandler readFromFile
WARNING: Ошибка в строке 7: SHIP004, вода, VR50, 350, -100, 30.05.2023, 45000 - Скорость должна быть положительной
дек. 01, 2025 2:55:13 PM VehicleFileHandler readFromFile
WARNING: Ошибка в строке 8: SHIP005, вода, VR50, -350, 100, 30.05.2023, 45000 - Мощность должна быть положительной
дек. 01, 2025 2:55:13 PM VehicleFileHandler readFromFile
WARNING: Ошибка в строке 9: вода, VR50, -350, 100, 30.05.2023, 45000 - Неверное количество полей. Ожидается 7x, получено: 6
дек. 01, 2025 3:16:48 PM VehicleFileHandler readFromFile
WARNING: Ошибка в строке 5: SHIP002, вода, VR50, 350, 100, 30.05.2023, -45000 - Цена должна быть положительной
дек. 01, 2025 3:16:48 PM VehicleFileHandler readFromFile
WARNING: Ошибка в строке 7: SHIP004, вода, VR50, 350, -100, 30.05.2023, 45000 - Скорость должна быть положительной
дек. 01, 2025 3:16:48 PM VehicleFileHandler readFromFile
WARNING: Ошибка в строке 8: SHIP005, вода, VR50, -350, 100, 30.05.2023, 45000 - Мощность должна быть положительной
дек. 01, 2025 3:16:48 PM VehicleFileHandler readFromFile
WARNING: Ошибка в строке 9: вода, VR50, -350, 100, 30.05.2023, 45000 - Неверное количество полей. Ожидается 7x, получено: 6
дек. 01, 2025 3:20:21 PM VehicleFileHandler readFromFile
WARNING: Ошибка в строке 5: SHIP002, вода, VR50, 350, 100, 30.05.2023, -45000 - Цена должна быть положительной
дек. 01, 2025 3:20:22 PM VehicleFileHandler readFromFile
WARNING: Ошибка в строке 7: SHIP004, вода, VR50, 350, -100, 30.05.2023, 45000 - Скорость должна быть положительной
дек. 01, 2025 3:20:22 PM VehicleFileHandler readFromFile
WARNING: Ошибка в строке 8: SHIP005, вода, VR50, -350, 100, 30.05.2023, 45000 - Мощность должна быть положительной
дек. 01, 2025 3:20:22 PM VehicleFileHandler readFromFile
WARNING: Ошибка в строке 9: вода, VR50, -350, 100, 30.05.2023, 45000 - Неверное количество полей. Ожидается 7x, получено: 6
